   266909 data/data.txt
  4270544 data/data.txt_5_1.ext
  1499439 data/trajectory_data_50_50_200_10000.txt
    10000 data/user_nn_50_50_200_10000.txt
  6046892 total
Index-time parameters {'M': 10, 'indexThreadQty': 12, 'efConstruction': 100, 'post': 2}
Reading data file...
Saving userids in pkl ...
Saving quantized vec in pkl ...
Saving quantized userinfomap in pkl ...
Indexing data of the form [ 1335.55661348 -4651.24848952  4143.88911784     0.        ]
Saving index ...
Indexing time = 103.650335 Sec


Algorithm name HNSW
Data file name data/data.txt_5_1.ext
Loading user ids from pkl...
Loading data matrix from pkl...
Loading userinfomap from pkl...
Retrieval started ...
Number of users infected: 10676 
K = 100 
Search time = 0.036500 millisec/query 
Avg. Recall = 0.998700
Total retrieval time = 2.38 sec
Index-time parameters {'M': 10, 'indexThreadQty': 12, 'efConstruction': 100, 'post': 2}
Reading data file...
Saving userids in pkl ...
Saving quantized vec in pkl ...
Saving quantized userinfomap in pkl ...
Quantized data shape (4270544, 16) Number of bins 1000000

Indexing data of the form [-0.396946 -0.101797 -0.02133   0.241832  0.175983  0.159898 -0.008751
 -0.445584  0.047487 -0.495877 -0.226694  0.104261 -0.308601  0.194538
  0.041319  0.269771]
Saving index ...
Indexing time = 142.016225 Sec


Algorithm name PP-HNSW
Data file name data/data.txt_5_1.ext
Loading user ids from pkl...
Loading data matrix from pkl...
Loading userinfomap from pkl...
Quantized data shape (4270544, 16) Number of bins 1000000

Retrieval started ...
Number of users infected: 10676 
K = 100 
Search time = 0.047200 millisec/query 
Avg. Recall = 0.769800
Total retrieval time = 3.18 sec


Algorithm name kd_tree
Data file name data/data.txt_5_1.ext
Reading data file...
Saving userids in pkl ...
Saving quantized vec in pkl ...
Saving quantized userinfomap in pkl ...
Creating nbrs...
Saving tree in pkl ...
Tree building time = 8.204686 Sec


Algorithm name KD-tree
Data file name data/data.txt_5_1.ext
Loading user ids from pkl...
Loading data matrix from pkl...
Loading userinfomap from pkl...
Loading nbrs from pkl...
Retrieval started ...
Number of users infected: 10676 
K = 100 
Search time = 2.945400 millisec/query 
Avg. Recall = 1.000000
Total retrieval time = 33.94 sec


Algorithm name kd_tree
Data file name data/data.txt_5_1.ext
Loading user ids from pkl...
Loading data matrix from pkl...
Loading userinfomap from pkl...
Quantized data shape (4270544, 16) Number of bins 1000000

Creating nbrs...
Saving tree in pkl ...
Tree building time = 12.179860 Sec


Algorithm name PP-KD-tree
Data file name data/data.txt_5_1.ext
Loading user ids from pkl...
Loading data matrix from pkl...
Loading userinfomap from pkl...
Quantized data shape (4270544, 16) Number of bins 1000000

Loading nbrs from pkl...
Retrieval started ...
Number of users infected: 10676 
K = 100 
Search time = 9.137400 millisec/query 
Avg. Recall = 0.807800
Total retrieval time = 100.38 sec
